This is pdfTeX, Version 3.1415926-1.40.9 (MiKTeX 2.7) (preloaded format=pdflatex 2008.11.18)  8 DEC 2008 21:44
entering extended mode
**C:/Mano/Mokslai/Universitetas/5*Semestras/Project/cvg01/docs/Report/latex8.te
x

("C:/Mano/Mokslai/Universitetas/5 Semestras/Project/cvg01/docs/Report/latex8.te
x"
LaTeX2e <2005/12/01>
Babel <v3.8l> and hyphenation patterns for english, dumylang, nohyphenation, ge
rman, ngerman, german-x-2008-06-18, ngerman-x-2008-06-18, french, loaded.
("C:\Program Files\MiKTeX 2.7\tex\latex\base\article.cls"
Document Class: article 2005/09/16 v1.4f Standard LaTeX document class
("C:\Program Files\MiKTeX 2.7\tex\latex\base\size10.clo"
File: size10.clo 2005/09/16 v1.4f Standard LaTeX file (size option)
)
\c@part=\count79
\c@section=\count80
\c@subsection=\count81
\c@subsubsection=\count82
\c@paragraph=\count83
\c@subparagraph=\count84
\c@figure=\count85
\c@table=\count86
\abovecaptionskip=\skip41
\belowcaptionskip=\skip42
\bibindent=\dimen102
) (latex8.sty
IEEE 8.5 x 11-Inch Proceedings Style `latex8.sty'.
\@ctmp=\skip43
\@figindent=\skip44
) ("C:\Program Files\MiKTeX 2.7\tex\latex\psnfss\times.sty"
Package: times 2005/04/12 PSNFSS-v9.2a (SPQR) 
)
("C:\Program Files\MiKTeX 2.7\tex\latex\graphics\graphicx.sty"
Package: graphicx 1999/02/16 v1.0f Enhanced LaTeX Graphics (DPC,SPQR)

("C:\Program Files\MiKTeX 2.7\tex\latex\graphics\keyval.sty"
Package: keyval 1999/03/16 v1.13 key=value parser (DPC)
\KV@toks@=\toks14
)
("C:\Program Files\MiKTeX 2.7\tex\latex\graphics\graphics.sty"
Package: graphics 2006/02/20 v1.0o Standard LaTeX Graphics (DPC,SPQR)

("C:\Program Files\MiKTeX 2.7\tex\latex\graphics\trig.sty"
Package: trig 1999/03/16 v1.09 sin cos tan (DPC)
)
("C:\Program Files\MiKTeX 2.7\tex\latex\00miktex\graphics.cfg"
File: graphics.cfg 2007/01/18 v1.5 graphics configuration of teTeX/TeXLive
)
Package graphics Info: Driver file: pdftex.def on input line 90.

("C:\Program Files\MiKTeX 2.7\tex\latex\pdftex-def\pdftex.def"
File: pdftex.def 2008/09/08 v0.04l Graphics/color for pdfTeX
\Gread@gobject=\count87
))
\Gin@req@height=\dimen103
\Gin@req@width=\dimen104
)
("C:\Program Files\MiKTeX 2.7\tex\latex\float\float.sty"
Package: float 2001/11/08 v1.3d Float enhancements (AL)
\c@float@type=\count88
\float@exts=\toks15
\float@box=\box26
\@float@everytoks=\toks16
\@floatcapt=\box27
)

LaTeX Warning: Unused global option(s):
    [times].

(latex8.aux)
LaTeX Font Info:    Checking defaults for OML/cmm/m/it on input line 25.
LaTeX Font Info:    ... okay on input line 25.
LaTeX Font Info:    Checking defaults for T1/cmr/m/n on input line 25.
LaTeX Font Info:    ... okay on input line 25.
LaTeX Font Info:    Checking defaults for OT1/cmr/m/n on input line 25.
LaTeX Font Info:    ... okay on input line 25.
LaTeX Font Info:    Checking defaults for OMS/cmsy/m/n on input line 25.
LaTeX Font Info:    ... okay on input line 25.
LaTeX Font Info:    Checking defaults for OMX/cmex/m/n on input line 25.
LaTeX Font Info:    ... okay on input line 25.
LaTeX Font Info:    Checking defaults for U/cmr/m/n on input line 25.
LaTeX Font Info:    ... okay on input line 25.
LaTeX Font Info:    Try loading font information for OT1+ptm on input line 25.
 ("C:\Program Files\MiKTeX 2.7\tex\latex\psnfss\ot1ptm.fd"
File: ot1ptm.fd 2001/06/04 font definitions for OT1/ptm.
)
("C:\Program Files\MiKTeX 2.7\tex\context\base\supp-pdf.tex"
[Loading MPS to PDF converter (version 2006.09.02).]
\scratchcounter=\count89
\scratchdimen=\dimen105
\scratchbox=\box28
\nofMPsegments=\count90
\nofMParguments=\count91
\everyMPshowfont=\toks17
\MPscratchCnt=\count92
\MPscratchDim=\dimen106
\MPnumerator=\count93
\everyMPtoPDFconversion=\toks18
)
LaTeX Font Info:    Font shape `OT1/ptm/bx/n' in size <14.4> not available
(Font)              Font shape `OT1/ptm/b/n' tried instead on input line 36.
LaTeX Font Info:    External font `cmex10' loaded for size
(Font)              <12> on input line 36.
LaTeX Font Info:    External font `cmex10' loaded for size
(Font)              <8> on input line 36.
LaTeX Font Info:    External font `cmex10' loaded for size
(Font)              <6> on input line 36.
LaTeX Font Info:    Font shape `OT1/ptm/bx/n' in size <12> not available
(Font)              Font shape `OT1/ptm/b/n' tried instead on input line 39.
LaTeX Font Info:    Font shape `OT1/ptm/bx/it' in size <10> not available
(Font)              Font shape `OT1/ptm/b/it' tried instead on input line 47.

Underfull \hbox (badness 10000) in paragraph at lines 40--49

 []


Underfull \hbox (badness 2671) in paragraph at lines 40--49
\OT1/ptm/b/it/10 Keywords: \OT1/ptm/m/it/10 Hu-man an-i-ma-tion, Vi-con mo-tion
 cap-ture
 []

LaTeX Font Info:    External font `cmex10' loaded for size
(Font)              <7> on input line 94.
LaTeX Font Info:    External font `cmex10' loaded for size
(Font)              <5> on input line 94.
LaTeX Font Info:    Font shape `OT1/ptm/bx/n' in size <10> not available
(Font)              Font shape `OT1/ptm/b/n' tried instead on input line 94.
<images/hand2.jpg, id=1, 548.0475pt x 283.0575pt>
File: images/hand2.jpg Graphic file (type jpg)
 <use images/hand2.jpg>
Overfull \hbox (27.47469pt too wide) in paragraph at lines 106--107
 [][] 
 []


Underfull \vbox (badness 10000) has occurred while \output is active []

 [1{C:/ProgramData/MiKTeX/2.7/pdftex/config/pdftex.map}


]
LaTeX Font Info:    Try loading font information for OMS+ptm on input line 145.


("C:\Program Files\MiKTeX 2.7\tex\latex\psnfss\omsptm.fd"
File: omsptm.fd 
)
LaTeX Font Info:    Font shape `OMS/ptm/m/n' in size <10> not available
(Font)              Font shape `OMS/cmsy/m/n' tried instead on input line 145.

<images/vicon_mx_basic.jpg, id=17, 955.57pt x 506.89375pt>
File: images/vicon_mx_basic.jpg Graphic file (type jpg)

<use images/vicon_mx_basic.jpg>
Overfull \hbox (41.70107pt too wide) in paragraph at lines 169--170
 [][] 
 []

[2 <images/hand2.jpg> <images/vicon_mx_basic.jpg>]
<images/vicon_me.jpg, id=22, 602.25pt x 636.3775pt>
File: images/vicon_me.jpg Graphic file (type jpg)
 <use images/vicon_me.jpg>
Underfull \vbox (badness 10000) has occurred while \output is active []


<images/vicon.jpg, id=23, 752.8125pt x 453.19313pt>
File: images/vicon.jpg Graphic file (type jpg)
 <use images/vicon.jpg>
Overfull \hbox (18.93886pt too wide) in paragraph at lines 229--230
 [][] 
 []


Underfull \vbox (badness 10000) has occurred while \output is active []

 [3 <images/vicon_me.jpg>]
Missing character: There is no ’ in font ptmr7t!
Missing character: There is no “ in font ptmr7t!
Missing character: There is no ” in font ptmr7t!
 [4 <images/vicon.jpg>]
<images/mb.jpg, id=30, 966.61125pt x 709.14937pt>
File: images/mb.jpg Graphic file (type jpg)
 <use images/mb.jpg>
Overfull \hbox (4.71248pt too wide) in paragraph at lines 303--304
 [][] 
 []


Underfull \vbox (badness 2495) has occurred while \output is active []


<images/maya_cut.jpg, id=31, 632.3625pt x 531.9875pt>
File: images/maya_cut.jpg Graphic file (type jpg)

<use images/maya_cut.jpg>
Overfull \hbox (4.71248pt too wide) in paragraph at lines 320--321
 [][] 
 []

[5 <images/mb.jpg> <images/maya_cut.jpg>] (latex8.bbl
Overfull \hbox (1.17378pt too wide) in paragraph at lines 27--29
[]\OT1/ptm/m/n/9 Motion Lab Sys-tems, http://www.c3d.org/HTML/default.htm.
 []

) [6] (latex8.aux) ) 
Here is how much of TeX's memory you used:
 1091 strings out of 95304
 13285 string characters out of 1183069
 66916 words of memory out of 1500000
 4308 multiletter control sequences out of 110000
 22357 words of font info for 44 fonts, out of 1200000 for 2000
 14 hyphenation exceptions out of 8191
 25i,7n,19p,739b,225s stack positions out of 5000i,500n,10000p,200000b,5000s
{C:/Program Files/MiKTeX 2.7/fonts/enc/dvips/fontname/8r.en
c}<C:/Program Files/MiKTeX 2.7/fonts/type1/bluesky/cm/cmbx10.pfb><C:/Program Fi
les/MiKTeX 2.7/fonts/type1/bluesky/cm/cmex10.pfb><C:/Program Files/MiKTeX 2.7/f
onts/type1/bluesky/cm/cmmi10.pfb><C:/Program Files/MiKTeX 2.7/fonts/type1/blues
ky/cm/cmmi7.pfb><C:/Program Files/MiKTeX 2.7/fonts/type1/bluesky/cm/cmr10.pfb><
C:/Program Files/MiKTeX 2.7/fonts/type1/bluesky/cm/cmr7.pfb><C:/Program Files/M
iKTeX 2.7/fonts/type1/bluesky/cm/cmsy10.pfb><C:/Program Files/MiKTeX 2.7/fonts/
type1/bluesky/cm/cmsy7.pfb><C:/Program Files/MiKTeX 2.7/fonts/type1/urw/times/u
tmb8a.pfb><C:/Program Files/MiKTeX 2.7/fonts/type1/urw/times/utmbi8a.pfb><C:/Pr
ogram Files/MiKTeX 2.7/fonts/type1/urw/times/utmr8a.pfb><C:/Program Files/MiKTe
X 2.7/fonts/type1/urw/times/utmri8a.pfb>
Output written on latex8.pdf (6 pages, 1097600 bytes).
PDF statistics:
 76 PDF objects out of 1000 (max. 8388607)
 0 named destinations out of 1000 (max. 131072)
 31 words of extra memory for PDF output out of 10000 (max. 10000000)

